<?xml version="1.0" encoding="UTF-8"?>
<!-- Generated by org.testng.reporters.JUnitReportReporter -->
<testsuite skipped="0" hostname="softnet-PC" name="FindingElements.ElementEnable" tests="3" failures="0" timestamp="25 Oct 2018 07:30:27 GMT" time="31.460" errors="0">
  <testcase name="VerifyElementIsEnable" time="10.373" classname="FindingElements.ElementEnable"/>
  <testcase name="VerifyElementIsDispalyed" time="10.942" classname="FindingElements.ElementEnable"/>
  <testcase name="VerifyElementIsSelected" time="10.145" classname="FindingElements.ElementEnable"/>
</testsuite> <!-- FindingElements.ElementEnable -->
