<?xml version="1.0" encoding="UTF-8"?>
<!-- Generated by org.testng.reporters.JUnitReportReporter -->
<testsuite skipped="0" hostname="softnet-PC" name="TestNGEx.ParellelExecution" tests="4" failures="0" timestamp="22 Oct 2018 11:00:22 GMT" time="0.029" errors="0">
  <testcase name="SecondTest" time="0.024" classname="TestNGEx.ParellelExecution"/>
  <testcase name="FirstTest" time="0.002" classname="TestNGEx.ParellelExecution"/>
  <testcase name="FourthTest" time="0.001" classname="TestNGEx.ParellelExecution"/>
  <testcase name="ThirdTest" time="0.002" classname="TestNGEx.ParellelExecution"/>
</testsuite> <!-- TestNGEx.ParellelExecution -->
