<?xml version="1.0" encoding="UTF-8"?>
<!-- Generated by org.testng.reporters.JUnitReportReporter -->
<testsuite skipped="0" hostname="softnet-PC" name="TestNGEx.ExcutionOrder" tests="1" failures="0" timestamp="22 Oct 2018 10:58:47 GMT" time="0.007" errors="0">
  <testcase name="FifthMethod" time="0.007" classname="TestNGEx.ExcutionOrder"/>
</testsuite> <!-- TestNGEx.ExcutionOrder -->
