<?xml version="1.0" encoding="UTF-8"?>
<!-- Generated by org.testng.reporters.JUnitReportReporter -->
<testsuite skipped="0" hostname="softnet-PC" name="Waits.ImplicitWait" tests="1" failures="0" timestamp="25 Oct 2018 07:55:51 GMT" time="25.219" errors="0">
  <testcase name="DropDown" time="25.219" classname="Waits.ImplicitWait"/>
</testsuite> <!-- Waits.ImplicitWait -->
