<?xml version="1.0" encoding="UTF-8"?>
<!-- Generated by org.testng.reporters.JUnitReportReporter -->
<testsuite skipped="0" hostname="softnet-PC" name="TestNGEx.TestNGExcution" tests="2" failures="0" timestamp="22 Sep 2018 09:06:44 GMT" time="0.007" errors="0">
  <testcase name="FirstTest" time="0.005" classname="TestNGEx.TestNGExcution"/>
  <testcase name="SecondTest" time="0.002" classname="TestNGEx.TestNGExcution"/>
</testsuite> <!-- TestNGEx.TestNGExcution -->
