<?xml version="1.0" encoding="UTF-8"?>
<!-- Generated by org.testng.reporters.JUnitReportReporter -->
<testsuite skipped="0" hostname="softnet-PC" name="DropDown.DropDownEx" tests="1" failures="0" timestamp="25 Oct 2018 07:48:05 GMT" time="21.508" errors="0">
  <testcase name="DropDown" time="21.508" classname="DropDown.DropDownEx"/>
</testsuite> <!-- DropDown.DropDownEx -->
