<?xml version="1.0" encoding="UTF-8"?>
<!-- Generated by org.testng.reporters.JUnitReportReporter -->
<testsuite skipped="3" hostname="softnet-PC" name="TestNGEx.SkipTest" tests="4" failures="0" timestamp="22 Sep 2018 18:25:46 GMT" time="0.013" errors="0">
  <testcase name="FirstMethod" time="0.008" classname="TestNGEx.SkipTest"/>
  <testcase name="FourthMethod" time="0.002" classname="TestNGEx.SkipTest">
    <skipped/>
  </testcase> <!-- FourthMethod -->
  <testcase name="ThirdMethod" time="0.003" classname="TestNGEx.SkipTest">
    <skipped/>
  </testcase> <!-- ThirdMethod -->
  <testcase name="SecondMethod" classname="TestNGEx.SkipTest">
    <skipped/>
  </testcase> <!-- SecondMethod -->
</testsuite> <!-- TestNGEx.SkipTest -->
