<?xml version="1.0" encoding="UTF-8"?>
<!-- Generated by org.testng.reporters.JUnitReportReporter -->
<testsuite skipped="0" hostname="softnet-PC" name="ReadWriteExcel.WriteEx" tests="1" failures="0" timestamp="12 Nov 2018 08:50:50 GMT" time="9.621" errors="0">
  <testcase name="WriteFromEx" time="9.621" classname="ReadWriteExcel.WriteEx"/>
</testsuite> <!-- ReadWriteExcel.WriteEx -->
