<?xml version="1.0" encoding="UTF-8"?>
<!-- Generated by org.testng.reporters.JUnitReportReporter -->
<testsuite skipped="0" hostname="softnet-PC" name="TestNGEx.Priority" tests="4" failures="0" timestamp="23 Sep 2018 10:19:06 GMT" time="0.012" errors="0">
  <testcase name="SecondTest" time="0.008" classname="TestNGEx.Priority"/>
  <testcase name="FirstTest" time="0.002" classname="TestNGEx.Priority"/>
  <testcase name="FourthTest" time="0.001" classname="TestNGEx.Priority"/>
  <testcase name="ThirdTest" time="0.001" classname="TestNGEx.Priority"/>
</testsuite> <!-- TestNGEx.Priority -->
