<?xml version="1.0" encoding="UTF-8"?>
<!-- Generated by org.testng.reporters.JUnitReportReporter -->
<testsuite skipped="0" hostname="softnet-PC" name="FindingElements.FindingElements" tests="3" failures="0" timestamp="25 Oct 2018 07:33:15 GMT" time="57.896" errors="0">
  <testcase name="VerifyElementIsEnable" time="19.180" classname="FindingElements.FindingElements"/>
  <testcase name="VerifyElementIsDispalyed" time="24.504" classname="FindingElements.FindingElements"/>
  <testcase name="VerifyElementIsSelected" time="14.212" classname="FindingElements.FindingElements"/>
</testsuite> <!-- FindingElements.FindingElements -->
